{
  "stats": {
    "suites": 1,
    "tests": 1,
    "passes": 0,
    "pending": 0,
    "failures": 1,
    "start": "2023-08-09T08:16:15.165Z",
    "end": "2023-08-09T08:16:15.483Z",
    "duration": 318,
    "testsRegistered": 3,
    "passPercent": 0,
    "pendingPercent": 0,
    "other": 0,
    "hasOther": false,
    "skipped": 2,
    "hasSkipped": true
  },
  "results": [
    {
      "uuid": "f236b5e7-c953-4c89-bc6f-f26f873a8974",
      "title": "",
      "fullFile": "cypress\\e2e\\home.cy.js",
      "file": "cypress\\e2e\\home.cy.js",
      "beforeHooks": [],
      "afterHooks": [],
      "tests": [],
      "suites": [
        {
          "uuid": "78f57bb9-95bc-48aa-a0b9-23cb1884464e",
          "title": "template spec",
          "fullFile": "",
          "file": "",
          "beforeHooks": [],
          "afterHooks": [],
          "tests": [
            {
              "title": "Check if the background image is visible.",
              "fullTitle": "template spec Check if the background image is visible.",
              "timedOut": null,
              "duration": 231,
              "state": "failed",
              "speed": null,
              "pass": false,
              "fail": true,
              "pending": false,
              "context": null,
              "code": "cy.get('#homePageAlt > .tatsu-fullscreen-wrap > .tatsu-section-background-wrap > .tatsu-section-background').should(\"be.visible\").should(\"have.class\", \"tatsu-section-background\");",
              "err": {
                "message": "ReferenceError: cypress is not defined\n\nBecause this error occurred during a `before each` hook we are skipping the remaining tests in the current suite: `template spec`",
                "estack": "ReferenceError: cypress is not defined\n\nBecause this error occurred during a `before each` hook we are skipping the remaining tests in the current suite: `template spec`\n    at Context.eval (webpack:///./cypress/e2e/home.cy.js:3:13)",
                "diff": null
              },
              "uuid": "85f3c92a-1b3b-484d-a2ba-6d22df07ec19",
              "parentUUID": "78f57bb9-95bc-48aa-a0b9-23cb1884464e",
              "isHook": false,
              "skipped": false
            },
            {
              "title": "Check if the heading text is visible.",
              "fullTitle": "template spec Check if the heading text is visible.",
              "timedOut": null,
              "duration": 0,
              "state": "skipped",
              "speed": null,
              "pass": false,
              "fail": false,
              "pending": false,
              "context": null,
              "code": "cy.get('.tatsu-fqoz0ynbo6coqm3g > .tatsu-row > .tatsu-column > .tatsu-column-inner > .tatsu-column-pad-wrap > .tatsu-column-pad > .tatsu-module > .tatsu-text-inner > h1').should(\"be.visible\").contains(\"CLT Impact Investors is a non-profit investment firm focused on executing growth investments in order to empower the next generation of minority entrepreneurs in the greater Charlotte, NC area\");",
              "err": {},
              "uuid": "14034efc-2110-4601-ae5a-0c1d559bf43f",
              "parentUUID": "78f57bb9-95bc-48aa-a0b9-23cb1884464e",
              "isHook": false,
              "skipped": true
            },
            {
              "title": "Check if the accordion  is visible, clickable and if its content is available",
              "fullTitle": "template spec Check if the accordion  is visible, clickable and if its content is available",
              "timedOut": null,
              "duration": 0,
              "state": "skipped",
              "speed": null,
              "pass": false,
              "fail": false,
              "pending": false,
              "context": null,
              "code": "cy.get('#homeBoxTop').find(\"h3\").should(\"have.length\", 3).click({\n  multiple: true\n}).get('.accordion-content > .accordion-content-inner > .box-wrap > div').should('have.class', 'box-body', 'not.be.empty').should(\"have.length\", 6);",
              "err": {},
              "uuid": "53bde42b-f17d-4722-8b65-a4962bff6a31",
              "parentUUID": "78f57bb9-95bc-48aa-a0b9-23cb1884464e",
              "isHook": false,
              "skipped": true
            }
          ],
          "suites": [],
          "passes": [],
          "failures": [
            "85f3c92a-1b3b-484d-a2ba-6d22df07ec19"
          ],
          "pending": [],
          "skipped": [
            "14034efc-2110-4601-ae5a-0c1d559bf43f",
            "53bde42b-f17d-4722-8b65-a4962bff6a31"
          ],
          "duration": 231,
          "root": false,
          "rootEmpty": false,
          "_timeout": 2000
        }
      ],
      "passes": [],
      "failures": [],
      "pending": [],
      "skipped": [],
      "duration": 0,
      "root": true,
      "rootEmpty": true,
      "_timeout": 2000
    }
  ],
  "meta": {
    "mocha": {
      "version": "7.0.1"
    },
    "mochawesome": {
      "options": {
        "quiet": false,
        "reportFilename": "mochawesome",
        "saveHtml": false,
        "saveJson": true,
        "consoleReporter": "spec",
        "useInlineDiffs": false,
        "code": true
      },
      "version": "7.1.3"
    },
    "marge": {
      "options": {
        "id": "default",
        "reportDir": "cypress/reports/mocha",
        "quite": true,
        "overwrite": false,
        "html": false,
        "json": true
      },
      "version": "6.2.0"
    }
  }
}