{
  "stats": {
    "suites": 1,
    "tests": 1,
    "passes": 0,
    "pending": 0,
    "failures": 1,
    "start": "2023-08-09T08:09:38.055Z",
    "end": "2023-08-09T08:09:38.459Z",
    "duration": 404,
    "testsRegistered": 2,
    "passPercent": 0,
    "pendingPercent": 0,
    "other": 0,
    "hasOther": false,
    "skipped": 1,
    "hasSkipped": true
  },
  "results": [
    {
      "uuid": "a5552d29-5339-4ade-843b-68a8624d2d6f",
      "title": "",
      "fullFile": "cypress\\e2e\\header.cy.js",
      "file": "cypress\\e2e\\header.cy.js",
      "beforeHooks": [],
      "afterHooks": [],
      "tests": [],
      "suites": [
        {
          "uuid": "b6882a24-41c5-4cc5-8a6c-c9c6b0c7227b",
          "title": "Header section",
          "fullFile": "",
          "file": "",
          "beforeHooks": [],
          "afterHooks": [],
          "tests": [
            {
              "title": "Check if the logo is visible and is a clickable link.",
              "fullTitle": "Header section Check if the logo is visible and is a clickable link.",
              "timedOut": null,
              "duration": 305,
              "state": "failed",
              "speed": null,
              "pass": false,
              "fail": true,
              "pending": false,
              "context": null,
              "code": "cy.get('.logo').should(\"be.visible\").find(\"a\", \"img[class='loaded']\").click();",
              "err": {
                "message": "CypressError: `cy.visit()` failed trying to load:\n\n/\n\nWe failed looking for this file at the path:\n\n/Users/FidelisWairimu/TheJitu/CLTImpact-prod/\n\nThe internal Cypress web server responded with:\n\n  > 404: Not Found\n\nBecause this error occurred during a `before each` hook we are skipping the remaining tests in the current suite: `Header section`",
                "estack": "CypressError: `cy.visit()` failed trying to load:\n\n/\n\nWe failed looking for this file at the path:\n\n/Users/FidelisWairimu/TheJitu/CLTImpact-prod/\n\nThe internal Cypress web server responded with:\n\n  > 404: Not Found\n\nBecause this error occurred during a `before each` hook we are skipping the remaining tests in the current suite: `Header section`\n    at <unknown> (http://localhost:64789/__cypress/runner/cypress_runner.js:147817:84)\n    at visitFailedByErr (http://localhost:64789/__cypress/runner/cypress_runner.js:147225:12)\n    at <unknown> (http://localhost:64789/__cypress/runner/cypress_runner.js:147800:13)\n    at tryCatcher (http://localhost:64789/__cypress/runner/cypress_runner.js:18744:23)\n    at Promise._settlePromiseFromHandler (http://localhost:64789/__cypress/runner/cypress_runner.js:16679:31)\n    at Promise._settlePromise (http://localhost:64789/__cypress/runner/cypress_runner.js:16736:18)\n    at Promise._settlePromise0 (http://localhost:64789/__cypress/runner/cypress_runner.js:16781:10)\n    at Promise._settlePromises (http://localhost:64789/__cypress/runner/cypress_runner.js:16857:18)\n    at _drainQueueStep (http://localhost:64789/__cypress/runner/cypress_runner.js:13451:12)\n    at _drainQueue (http://localhost:64789/__cypress/runner/cypress_runner.js:13444:9)\n    at ../../node_modules/bluebird/js/release/async.js.Async._drainQueues (http://localhost:64789/__cypress/runner/cypress_runner.js:13460:5)\n    at Async.drainQueues (http://localhost:64789/__cypress/runner/cypress_runner.js:13330:14)\nFrom Your Spec Code:\n    at Context.eval (webpack:///./cypress/e2e/header.cy.js:3:7)",
                "diff": null
              },
              "uuid": "da99c5a7-52ed-4672-9966-7d50618afc09",
              "parentUUID": "b6882a24-41c5-4cc5-8a6c-c9c6b0c7227b",
              "isHook": false,
              "skipped": false
            },
            {
              "title": "Check if there are three links and are clickable.",
              "fullTitle": "Header section Check if there are three links and are clickable.",
              "timedOut": null,
              "duration": 0,
              "state": "skipped",
              "speed": null,
              "pass": false,
              "fail": false,
              "pending": false,
              "context": null,
              "code": "cy.get('#menu').find(\"a\")\n// .click({ multiple: true })\n.should(\"have.length\", 3).each($link => {\n  cy.wrap($link).should(\"have.attr\", \"href\").and(\"not.be.empty\");\n});",
              "err": {},
              "uuid": "e5ef3253-e7b7-4f3b-b17c-0c6266e92967",
              "parentUUID": "b6882a24-41c5-4cc5-8a6c-c9c6b0c7227b",
              "isHook": false,
              "skipped": true
            }
          ],
          "suites": [],
          "passes": [],
          "failures": [
            "da99c5a7-52ed-4672-9966-7d50618afc09"
          ],
          "pending": [],
          "skipped": [
            "e5ef3253-e7b7-4f3b-b17c-0c6266e92967"
          ],
          "duration": 305,
          "root": false,
          "rootEmpty": false,
          "_timeout": 2000
        }
      ],
      "passes": [],
      "failures": [],
      "pending": [],
      "skipped": [],
      "duration": 0,
      "root": true,
      "rootEmpty": true,
      "_timeout": 2000
    }
  ],
  "meta": {
    "mocha": {
      "version": "7.0.1"
    },
    "mochawesome": {
      "options": {
        "quiet": false,
        "reportFilename": "mochawesome",
        "saveHtml": false,
        "saveJson": true,
        "consoleReporter": "spec",
        "useInlineDiffs": false,
        "code": true
      },
      "version": "7.1.3"
    },
    "marge": {
      "options": {
        "id": "default",
        "reportDir": "cypress/reports/mocha",
        "quite": true,
        "overwrite": false,
        "html": false,
        "json": true
      },
      "version": "6.2.0"
    }
  }
}