{
  "stats": {
    "suites": 1,
    "tests": 1,
    "passes": 0,
    "pending": 0,
    "failures": 1,
    "start": "2023-08-09T08:09:41.050Z",
    "end": "2023-08-09T08:09:41.484Z",
    "duration": 434,
    "testsRegistered": 3,
    "passPercent": 0,
    "pendingPercent": 0,
    "other": 0,
    "hasOther": false,
    "skipped": 2,
    "hasSkipped": true
  },
  "results": [
    {
      "uuid": "71047989-1b28-429b-9323-f6290a6beb99",
      "title": "",
      "fullFile": "cypress\\e2e\\home.cy.js",
      "file": "cypress\\e2e\\home.cy.js",
      "beforeHooks": [],
      "afterHooks": [],
      "tests": [],
      "suites": [
        {
          "uuid": "79457044-1e9a-4688-b320-1300cbf97fa4",
          "title": "template spec",
          "fullFile": "",
          "file": "",
          "beforeHooks": [],
          "afterHooks": [],
          "tests": [
            {
              "title": "Check if the background image is visible.",
              "fullTitle": "template spec Check if the background image is visible.",
              "timedOut": null,
              "duration": 332,
              "state": "failed",
              "speed": null,
              "pass": false,
              "fail": true,
              "pending": false,
              "context": null,
              "code": "cy.get('#homePageAlt > .tatsu-fullscreen-wrap > .tatsu-section-background-wrap > .tatsu-section-background').should(\"be.visible\").should(\"have.class\", \"tatsu-section-background\");",
              "err": {
                "message": "CypressError: `cy.visit()` failed trying to load:\n\n/\n\nWe failed looking for this file at the path:\n\n/Users/FidelisWairimu/TheJitu/CLTImpact-prod/\n\nThe internal Cypress web server responded with:\n\n  > 404: Not Found\n\nBecause this error occurred during a `before each` hook we are skipping the remaining tests in the current suite: `template spec`",
                "estack": "CypressError: `cy.visit()` failed trying to load:\n\n/\n\nWe failed looking for this file at the path:\n\n/Users/FidelisWairimu/TheJitu/CLTImpact-prod/\n\nThe internal Cypress web server responded with:\n\n  > 404: Not Found\n\nBecause this error occurred during a `before each` hook we are skipping the remaining tests in the current suite: `template spec`\n    at <unknown> (http://localhost:64789/__cypress/runner/cypress_runner.js:147817:84)\n    at visitFailedByErr (http://localhost:64789/__cypress/runner/cypress_runner.js:147225:12)\n    at <unknown> (http://localhost:64789/__cypress/runner/cypress_runner.js:147800:13)\n    at tryCatcher (http://localhost:64789/__cypress/runner/cypress_runner.js:18744:23)\n    at Promise._settlePromiseFromHandler (http://localhost:64789/__cypress/runner/cypress_runner.js:16679:31)\n    at Promise._settlePromise (http://localhost:64789/__cypress/runner/cypress_runner.js:16736:18)\n    at Promise._settlePromise0 (http://localhost:64789/__cypress/runner/cypress_runner.js:16781:10)\n    at Promise._settlePromises (http://localhost:64789/__cypress/runner/cypress_runner.js:16857:18)\n    at _drainQueueStep (http://localhost:64789/__cypress/runner/cypress_runner.js:13451:12)\n    at _drainQueue (http://localhost:64789/__cypress/runner/cypress_runner.js:13444:9)\n    at ../../node_modules/bluebird/js/release/async.js.Async._drainQueues (http://localhost:64789/__cypress/runner/cypress_runner.js:13460:5)\n    at Async.drainQueues (http://localhost:64789/__cypress/runner/cypress_runner.js:13330:14)\nFrom Your Spec Code:\n    at Context.eval (webpack:///./cypress/e2e/home.cy.js:3:7)",
                "diff": null
              },
              "uuid": "e9962952-130d-4ca3-81cc-cc33c1971f47",
              "parentUUID": "79457044-1e9a-4688-b320-1300cbf97fa4",
              "isHook": false,
              "skipped": false
            },
            {
              "title": "Check if the heading text is visible.",
              "fullTitle": "template spec Check if the heading text is visible.",
              "timedOut": null,
              "duration": 0,
              "state": "skipped",
              "speed": null,
              "pass": false,
              "fail": false,
              "pending": false,
              "context": null,
              "code": "cy.get('.tatsu-fqoz0ynbo6coqm3g > .tatsu-row > .tatsu-column > .tatsu-column-inner > .tatsu-column-pad-wrap > .tatsu-column-pad > .tatsu-module > .tatsu-text-inner > h1').should(\"be.visible\").contains(\"CLT Impact Investors is a non-profit investment firm focused on executing growth investments in order to empower the next generation of minority entrepreneurs in the greater Charlotte, NC area\");",
              "err": {},
              "uuid": "2370676c-142e-4bbb-8c59-261c39ca8aec",
              "parentUUID": "79457044-1e9a-4688-b320-1300cbf97fa4",
              "isHook": false,
              "skipped": true
            },
            {
              "title": "Check if the accordion  is visible, clickable and if its content is available",
              "fullTitle": "template spec Check if the accordion  is visible, clickable and if its content is available",
              "timedOut": null,
              "duration": 0,
              "state": "skipped",
              "speed": null,
              "pass": false,
              "fail": false,
              "pending": false,
              "context": null,
              "code": "cy.get('#homeBoxTop').find(\"h3\").should(\"have.length\", 3).click({\n  multiple: true\n}).get('.accordion-content > .accordion-content-inner > .box-wrap > div').should('have.class', 'box-body', 'not.be.empty').should(\"have.length\", 6);",
              "err": {},
              "uuid": "960da84c-8f41-473a-9b18-4f8a1e37c2c5",
              "parentUUID": "79457044-1e9a-4688-b320-1300cbf97fa4",
              "isHook": false,
              "skipped": true
            }
          ],
          "suites": [],
          "passes": [],
          "failures": [
            "e9962952-130d-4ca3-81cc-cc33c1971f47"
          ],
          "pending": [],
          "skipped": [
            "2370676c-142e-4bbb-8c59-261c39ca8aec",
            "960da84c-8f41-473a-9b18-4f8a1e37c2c5"
          ],
          "duration": 332,
          "root": false,
          "rootEmpty": false,
          "_timeout": 2000
        }
      ],
      "passes": [],
      "failures": [],
      "pending": [],
      "skipped": [],
      "duration": 0,
      "root": true,
      "rootEmpty": true,
      "_timeout": 2000
    }
  ],
  "meta": {
    "mocha": {
      "version": "7.0.1"
    },
    "mochawesome": {
      "options": {
        "quiet": false,
        "reportFilename": "mochawesome",
        "saveHtml": false,
        "saveJson": true,
        "consoleReporter": "spec",
        "useInlineDiffs": false,
        "code": true
      },
      "version": "7.1.3"
    },
    "marge": {
      "options": {
        "id": "default",
        "reportDir": "cypress/reports/mocha",
        "quite": true,
        "overwrite": false,
        "html": false,
        "json": true
      },
      "version": "6.2.0"
    }
  }
}