{
  "stats": {
    "suites": 1,
    "tests": 1,
    "passes": 0,
    "pending": 0,
    "failures": 1,
    "start": "2023-08-09T08:14:17.252Z",
    "end": "2023-08-09T08:14:17.757Z",
    "duration": 505,
    "testsRegistered": 3,
    "passPercent": 0,
    "pendingPercent": 0,
    "other": 0,
    "hasOther": false,
    "skipped": 2,
    "hasSkipped": true
  },
  "results": [
    {
      "uuid": "b13f8643-20d6-4ab8-a8a4-48fa0c7312e6",
      "title": "",
      "fullFile": "cypress\\e2e\\contact.cy.js",
      "file": "cypress\\e2e\\contact.cy.js",
      "beforeHooks": [],
      "afterHooks": [],
      "tests": [],
      "suites": [
        {
          "uuid": "06acce0c-44a4-4a8b-83fe-0a23e4d51f39",
          "title": "template spec",
          "fullFile": "",
          "file": "",
          "beforeHooks": [],
          "afterHooks": [],
          "tests": [
            {
              "title": "Check if Contact heading is visible.",
              "fullTitle": "template spec Check if Contact heading is visible.",
              "timedOut": null,
              "duration": 416,
              "state": "failed",
              "speed": null,
              "pass": false,
              "fail": true,
              "pending": false,
              "context": null,
              "code": "cy.get(\"h1\").contains(\"Contact\").should(\"be.visible\");",
              "err": {
                "message": "ReferenceError: cypress is not defined\n\nBecause this error occurred during a `before each` hook we are skipping the remaining tests in the current suite: `template spec`",
                "estack": "ReferenceError: cypress is not defined\n\nBecause this error occurred during a `before each` hook we are skipping the remaining tests in the current suite: `template spec`\n    at Context.eval (webpack:///./cypress/e2e/contact.cy.js:9:13)",
                "diff": null
              },
              "uuid": "1c809fd7-4a49-4fee-bd7f-c0a07b8e1d8a",
              "parentUUID": "06acce0c-44a4-4a8b-83fe-0a23e4d51f39",
              "isHook": false,
              "skipped": false
            },
            {
              "title": "Check if Contact text is visible.",
              "fullTitle": "template spec Check if Contact text is visible.",
              "timedOut": null,
              "duration": 0,
              "state": "skipped",
              "speed": null,
              "pass": false,
              "fail": false,
              "pending": false,
              "context": null,
              "code": "cy.get(\"h4\").contains(\"Introduce an investment opportunity or learn more about our investment efforts from our team.\").should(\"be.visible\");",
              "err": {},
              "uuid": "29a286b5-bfd2-4c11-b5f6-8e6b3fa96cc7",
              "parentUUID": "06acce0c-44a4-4a8b-83fe-0a23e4d51f39",
              "isHook": false,
              "skipped": true
            },
            {
              "title": "Check if The three input fields are visible, can be focused and typed into and send button is available and clickable.",
              "fullTitle": "template spec Check if The three input fields are visible, can be focused and typed into and send button is available and clickable.",
              "timedOut": null,
              "duration": 0,
              "state": "skipped",
              "speed": null,
              "pass": false,
              "fail": false,
              "pending": false,
              "context": null,
              "code": "cy.get('input[name=\"wpforms[fields][0][first]\"]').type(formData.fname).get('input[name=\"wpforms[fields][0][last]\"]').type(formData.lname).get('input[name=\"wpforms[fields][1]\"]').type(formData.email).get('textarea[name=\"wpforms[fields][2]\"]').type(formData.message).get('.g-recaptcha > iframe').should(\"be.visible\").get(\"button[name='wpforms[submit]']\").should(\"be.visible\").focus();",
              "err": {},
              "uuid": "ff3f1e86-d477-4cb1-8d4b-ed57bfd13d15",
              "parentUUID": "06acce0c-44a4-4a8b-83fe-0a23e4d51f39",
              "isHook": false,
              "skipped": true
            }
          ],
          "suites": [],
          "passes": [],
          "failures": [
            "1c809fd7-4a49-4fee-bd7f-c0a07b8e1d8a"
          ],
          "pending": [],
          "skipped": [
            "29a286b5-bfd2-4c11-b5f6-8e6b3fa96cc7",
            "ff3f1e86-d477-4cb1-8d4b-ed57bfd13d15"
          ],
          "duration": 416,
          "root": false,
          "rootEmpty": false,
          "_timeout": 2000
        }
      ],
      "passes": [],
      "failures": [],
      "pending": [],
      "skipped": [],
      "duration": 0,
      "root": true,
      "rootEmpty": true,
      "_timeout": 2000
    }
  ],
  "meta": {
    "mocha": {
      "version": "7.0.1"
    },
    "mochawesome": {
      "options": {
        "quiet": false,
        "reportFilename": "mochawesome",
        "saveHtml": false,
        "saveJson": true,
        "consoleReporter": "spec",
        "useInlineDiffs": false,
        "code": true
      },
      "version": "7.1.3"
    },
    "marge": {
      "options": {
        "id": "default",
        "reportDir": "cypress/reports/mocha",
        "quite": true,
        "overwrite": false,
        "html": false,
        "json": true
      },
      "version": "6.2.0"
    }
  }
}