{
  "stats": {
    "suites": 1,
    "tests": 1,
    "passes": 0,
    "pending": 0,
    "failures": 1,
    "start": "2023-08-09T08:09:44.008Z",
    "end": "2023-08-09T08:09:44.662Z",
    "duration": 654,
    "testsRegistered": 4,
    "passPercent": 0,
    "pendingPercent": 0,
    "other": 0,
    "hasOther": false,
    "skipped": 3,
    "hasSkipped": true
  },
  "results": [
    {
      "uuid": "cd37f330-479d-469d-b026-0664bd903fef",
      "title": "",
      "fullFile": "cypress\\e2e\\investments.cy.js",
      "file": "cypress\\e2e\\investments.cy.js",
      "beforeHooks": [],
      "afterHooks": [],
      "tests": [],
      "suites": [
        {
          "uuid": "579473e1-d8d2-47a3-aa42-a1dcb5709b00",
          "title": "investments spec",
          "fullFile": "",
          "file": "",
          "beforeHooks": [],
          "afterHooks": [],
          "tests": [
            {
              "title": "Check if the Investments heading is visible.",
              "fullTitle": "investments spec Check if the Investments heading is visible.",
              "timedOut": null,
              "duration": 470,
              "state": "failed",
              "speed": null,
              "pass": false,
              "fail": true,
              "pending": false,
              "context": null,
              "code": "cy.get('h1').should('be.visible').contains(\"Investments\");",
              "err": {
                "message": "CypressError: `cy.visit()` failed trying to load:\n\n/investments\n\nWe failed looking for this file at the path:\n\n/Users/FidelisWairimu/TheJitu/CLTImpact-prod/investments\n\nThe internal Cypress web server responded with:\n\n  > 404: Not Found\n\nBecause this error occurred during a `before each` hook we are skipping the remaining tests in the current suite: `investments spec`",
                "estack": "CypressError: `cy.visit()` failed trying to load:\n\n/investments\n\nWe failed looking for this file at the path:\n\n/Users/FidelisWairimu/TheJitu/CLTImpact-prod/investments\n\nThe internal Cypress web server responded with:\n\n  > 404: Not Found\n\nBecause this error occurred during a `before each` hook we are skipping the remaining tests in the current suite: `investments spec`\n    at <unknown> (http://localhost:64789/__cypress/runner/cypress_runner.js:147817:84)\n    at visitFailedByErr (http://localhost:64789/__cypress/runner/cypress_runner.js:147225:12)\n    at <unknown> (http://localhost:64789/__cypress/runner/cypress_runner.js:147800:13)\n    at tryCatcher (http://localhost:64789/__cypress/runner/cypress_runner.js:18744:23)\n    at Promise._settlePromiseFromHandler (http://localhost:64789/__cypress/runner/cypress_runner.js:16679:31)\n    at Promise._settlePromise (http://localhost:64789/__cypress/runner/cypress_runner.js:16736:18)\n    at Promise._settlePromise0 (http://localhost:64789/__cypress/runner/cypress_runner.js:16781:10)\n    at Promise._settlePromises (http://localhost:64789/__cypress/runner/cypress_runner.js:16857:18)\n    at _drainQueueStep (http://localhost:64789/__cypress/runner/cypress_runner.js:13451:12)\n    at _drainQueue (http://localhost:64789/__cypress/runner/cypress_runner.js:13444:9)\n    at ../../node_modules/bluebird/js/release/async.js.Async._drainQueues (http://localhost:64789/__cypress/runner/cypress_runner.js:13460:5)\n    at Async.drainQueues (http://localhost:64789/__cypress/runner/cypress_runner.js:13330:14)\nFrom Your Spec Code:\n    at Context.eval (webpack:///./cypress/e2e/investments.cy.js:18:7)",
                "diff": null
              },
              "uuid": "56df3ad1-29e9-4f07-8aea-570519612791",
              "parentUUID": "579473e1-d8d2-47a3-aa42-a1dcb5709b00",
              "isHook": false,
              "skipped": false
            },
            {
              "title": "Check if the Investments intro text is visible.",
              "fullTitle": "investments spec Check if the Investments intro text is visible.",
              "timedOut": null,
              "duration": 0,
              "state": "skipped",
              "speed": null,
              "pass": false,
              "fail": false,
              "pending": false,
              "context": null,
              "code": "cy.get(\"h4 > span\").should(\"be.visible\").contains(\"We’ve successfully invested in the next generation of Charlotte entrepreneurs.\");",
              "err": {},
              "uuid": "ff84546f-8566-434d-a80c-9236d339c9d2",
              "parentUUID": "579473e1-d8d2-47a3-aa42-a1dcb5709b00",
              "isHook": false,
              "skipped": true
            },
            {
              "title": "Check if the four Investment images are visible",
              "fullTitle": "investments spec Check if the four Investment images are visible",
              "timedOut": null,
              "duration": 0,
              "state": "skipped",
              "speed": null,
              "pass": false,
              "fail": false,
              "pending": false,
              "context": null,
              "code": "cy.wrap(images).each(image => {\n  cy.get(`img[src=\"${image}\"]`);\n  cy.should(\"be.visible\");\n});\ncy.go(\"back\");",
              "err": {},
              "uuid": "5f59a601-2c7b-4c12-b209-729b1a0c6b09",
              "parentUUID": "579473e1-d8d2-47a3-aa42-a1dcb5709b00",
              "isHook": false,
              "skipped": true
            },
            {
              "title": "Check if the four Investment content are visible",
              "fullTitle": "investments spec Check if the four Investment content are visible",
              "timedOut": null,
              "duration": 0,
              "state": "skipped",
              "speed": null,
              "pass": false,
              "fail": false,
              "pending": false,
              "context": null,
              "code": "cy.wrap(investments).each(paragraph => {\n  cy.get(\"p\").should(\"be.visible\").contains(paragraph);\n});\ncy.go(\"back\");",
              "err": {},
              "uuid": "324e2fa9-b2f7-4140-8445-3319943b6251",
              "parentUUID": "579473e1-d8d2-47a3-aa42-a1dcb5709b00",
              "isHook": false,
              "skipped": true
            }
          ],
          "suites": [],
          "passes": [],
          "failures": [
            "56df3ad1-29e9-4f07-8aea-570519612791"
          ],
          "pending": [],
          "skipped": [
            "ff84546f-8566-434d-a80c-9236d339c9d2",
            "5f59a601-2c7b-4c12-b209-729b1a0c6b09",
            "324e2fa9-b2f7-4140-8445-3319943b6251"
          ],
          "duration": 470,
          "root": false,
          "rootEmpty": false,
          "_timeout": 2000
        }
      ],
      "passes": [],
      "failures": [],
      "pending": [],
      "skipped": [],
      "duration": 0,
      "root": true,
      "rootEmpty": true,
      "_timeout": 2000
    }
  ],
  "meta": {
    "mocha": {
      "version": "7.0.1"
    },
    "mochawesome": {
      "options": {
        "quiet": false,
        "reportFilename": "mochawesome",
        "saveHtml": false,
        "saveJson": true,
        "consoleReporter": "spec",
        "useInlineDiffs": false,
        "code": true
      },
      "version": "7.1.3"
    },
    "marge": {
      "options": {
        "id": "default",
        "reportDir": "cypress/reports/mocha",
        "quite": true,
        "overwrite": false,
        "html": false,
        "json": true
      },
      "version": "6.2.0"
    }
  }
}