{
  "stats": {
    "suites": 1,
    "tests": 1,
    "passes": 0,
    "pending": 0,
    "failures": 1,
    "start": "2023-08-09T08:09:31.358Z",
    "end": "2023-08-09T08:09:32.256Z",
    "duration": 898,
    "testsRegistered": 3,
    "passPercent": 0,
    "pendingPercent": 0,
    "other": 0,
    "hasOther": false,
    "skipped": 2,
    "hasSkipped": true
  },
  "results": [
    {
      "uuid": "6f8d0020-a53e-4c89-82a9-e05e9f1550f0",
      "title": "",
      "fullFile": "cypress\\e2e\\contact.cy.js",
      "file": "cypress\\e2e\\contact.cy.js",
      "beforeHooks": [],
      "afterHooks": [],
      "tests": [],
      "suites": [
        {
          "uuid": "98407fce-5f4c-4e7a-9738-3daa1d2d5db9",
          "title": "template spec",
          "fullFile": "",
          "file": "",
          "beforeHooks": [],
          "afterHooks": [],
          "tests": [
            {
              "title": "Check if Contact heading is visible.",
              "fullTitle": "template spec Check if Contact heading is visible.",
              "timedOut": null,
              "duration": 788,
              "state": "failed",
              "speed": null,
              "pass": false,
              "fail": true,
              "pending": false,
              "context": null,
              "code": "cy.get(\"h1\").contains(\"Contact\").should(\"be.visible\");",
              "err": {
                "message": "CypressError: `cy.visit()` failed trying to load:\n\n/contact\n\nWe failed looking for this file at the path:\n\n/Users/FidelisWairimu/TheJitu/CLTImpact-prod/contact\n\nThe internal Cypress web server responded with:\n\n  > 404: Not Found\n\nBecause this error occurred during a `before each` hook we are skipping the remaining tests in the current suite: `template spec`",
                "estack": "CypressError: `cy.visit()` failed trying to load:\n\n/contact\n\nWe failed looking for this file at the path:\n\n/Users/FidelisWairimu/TheJitu/CLTImpact-prod/contact\n\nThe internal Cypress web server responded with:\n\n  > 404: Not Found\n\nBecause this error occurred during a `before each` hook we are skipping the remaining tests in the current suite: `template spec`\n    at <unknown> (http://localhost:64789/__cypress/runner/cypress_runner.js:147817:84)\n    at visitFailedByErr (http://localhost:64789/__cypress/runner/cypress_runner.js:147225:12)\n    at <unknown> (http://localhost:64789/__cypress/runner/cypress_runner.js:147800:13)\n    at tryCatcher (http://localhost:64789/__cypress/runner/cypress_runner.js:18744:23)\n    at Promise._settlePromiseFromHandler (http://localhost:64789/__cypress/runner/cypress_runner.js:16679:31)\n    at Promise._settlePromise (http://localhost:64789/__cypress/runner/cypress_runner.js:16736:18)\n    at Promise._settlePromise0 (http://localhost:64789/__cypress/runner/cypress_runner.js:16781:10)\n    at Promise._settlePromises (http://localhost:64789/__cypress/runner/cypress_runner.js:16857:18)\n    at _drainQueueStep (http://localhost:64789/__cypress/runner/cypress_runner.js:13451:12)\n    at _drainQueue (http://localhost:64789/__cypress/runner/cypress_runner.js:13444:9)\n    at ../../node_modules/bluebird/js/release/async.js.Async._drainQueues (http://localhost:64789/__cypress/runner/cypress_runner.js:13460:5)\n    at Async.drainQueues (http://localhost:64789/__cypress/runner/cypress_runner.js:13330:14)\nFrom Your Spec Code:\n    at Context.eval (webpack:///./cypress/e2e/contact.cy.js:9:7)",
                "diff": null
              },
              "uuid": "cb9b114c-86da-439d-ae89-208313bd0e36",
              "parentUUID": "98407fce-5f4c-4e7a-9738-3daa1d2d5db9",
              "isHook": false,
              "skipped": false
            },
            {
              "title": "Check if Contact text is visible.",
              "fullTitle": "template spec Check if Contact text is visible.",
              "timedOut": null,
              "duration": 0,
              "state": "skipped",
              "speed": null,
              "pass": false,
              "fail": false,
              "pending": false,
              "context": null,
              "code": "cy.get(\"h4\").contains(\"Introduce an investment opportunity or learn more about our investment efforts from our team.\").should(\"be.visible\");",
              "err": {},
              "uuid": "d3295fcb-e6cb-4c5a-91f3-ebed321de604",
              "parentUUID": "98407fce-5f4c-4e7a-9738-3daa1d2d5db9",
              "isHook": false,
              "skipped": true
            },
            {
              "title": "Check if The three input fields are visible, can be focused and typed into and send button is available and clickable.",
              "fullTitle": "template spec Check if The three input fields are visible, can be focused and typed into and send button is available and clickable.",
              "timedOut": null,
              "duration": 0,
              "state": "skipped",
              "speed": null,
              "pass": false,
              "fail": false,
              "pending": false,
              "context": null,
              "code": "cy.get('input[name=\"wpforms[fields][0][first]\"]').type(formData.fname).get('input[name=\"wpforms[fields][0][last]\"]').type(formData.lname).get('input[name=\"wpforms[fields][1]\"]').type(formData.email).get('textarea[name=\"wpforms[fields][2]\"]').type(formData.message).get('.g-recaptcha > iframe').should(\"be.visible\").get(\"button[name='wpforms[submit]']\").should(\"be.visible\").focus();",
              "err": {},
              "uuid": "e5fd2c13-ba04-470a-a1ba-c4ed63f4930c",
              "parentUUID": "98407fce-5f4c-4e7a-9738-3daa1d2d5db9",
              "isHook": false,
              "skipped": true
            }
          ],
          "suites": [],
          "passes": [],
          "failures": [
            "cb9b114c-86da-439d-ae89-208313bd0e36"
          ],
          "pending": [],
          "skipped": [
            "d3295fcb-e6cb-4c5a-91f3-ebed321de604",
            "e5fd2c13-ba04-470a-a1ba-c4ed63f4930c"
          ],
          "duration": 788,
          "root": false,
          "rootEmpty": false,
          "_timeout": 2000
        }
      ],
      "passes": [],
      "failures": [],
      "pending": [],
      "skipped": [],
      "duration": 0,
      "root": true,
      "rootEmpty": true,
      "_timeout": 2000
    }
  ],
  "meta": {
    "mocha": {
      "version": "7.0.1"
    },
    "mochawesome": {
      "options": {
        "quiet": false,
        "reportFilename": "mochawesome",
        "saveHtml": false,
        "saveJson": true,
        "consoleReporter": "spec",
        "useInlineDiffs": false,
        "code": true
      },
      "version": "7.1.3"
    },
    "marge": {
      "options": {
        "id": "default",
        "reportDir": "cypress/reports/mocha",
        "quite": true,
        "overwrite": false,
        "html": false,
        "json": true
      },
      "version": "6.2.0"
    }
  }
}