{
  "stats": {
    "suites": 1,
    "tests": 1,
    "passes": 0,
    "pending": 0,
    "failures": 1,
    "start": "2023-08-09T08:14:24.804Z",
    "end": "2023-08-09T08:14:25.126Z",
    "duration": 322,
    "testsRegistered": 3,
    "passPercent": 0,
    "pendingPercent": 0,
    "other": 0,
    "hasOther": false,
    "skipped": 2,
    "hasSkipped": true
  },
  "results": [
    {
      "uuid": "7cbf717b-d3e9-42b6-b5b0-8f53e0484b8a",
      "title": "",
      "fullFile": "cypress\\e2e\\home.cy.js",
      "file": "cypress\\e2e\\home.cy.js",
      "beforeHooks": [],
      "afterHooks": [],
      "tests": [],
      "suites": [
        {
          "uuid": "c7dc784d-409b-4b12-9ace-3e4e3e86df52",
          "title": "template spec",
          "fullFile": "",
          "file": "",
          "beforeHooks": [],
          "afterHooks": [],
          "tests": [
            {
              "title": "Check if the background image is visible.",
              "fullTitle": "template spec Check if the background image is visible.",
              "timedOut": null,
              "duration": 236,
              "state": "failed",
              "speed": null,
              "pass": false,
              "fail": true,
              "pending": false,
              "context": null,
              "code": "cy.get('#homePageAlt > .tatsu-fullscreen-wrap > .tatsu-section-background-wrap > .tatsu-section-background').should(\"be.visible\").should(\"have.class\", \"tatsu-section-background\");",
              "err": {
                "message": "ReferenceError: cypress is not defined\n\nBecause this error occurred during a `before each` hook we are skipping the remaining tests in the current suite: `template spec`",
                "estack": "ReferenceError: cypress is not defined\n\nBecause this error occurred during a `before each` hook we are skipping the remaining tests in the current suite: `template spec`\n    at Context.eval (webpack:///./cypress/e2e/home.cy.js:3:13)",
                "diff": null
              },
              "uuid": "6ea372ad-2f8a-4f28-99e7-fe10234c6f5a",
              "parentUUID": "c7dc784d-409b-4b12-9ace-3e4e3e86df52",
              "isHook": false,
              "skipped": false
            },
            {
              "title": "Check if the heading text is visible.",
              "fullTitle": "template spec Check if the heading text is visible.",
              "timedOut": null,
              "duration": 0,
              "state": "skipped",
              "speed": null,
              "pass": false,
              "fail": false,
              "pending": false,
              "context": null,
              "code": "cy.get('.tatsu-fqoz0ynbo6coqm3g > .tatsu-row > .tatsu-column > .tatsu-column-inner > .tatsu-column-pad-wrap > .tatsu-column-pad > .tatsu-module > .tatsu-text-inner > h1').should(\"be.visible\").contains(\"CLT Impact Investors is a non-profit investment firm focused on executing growth investments in order to empower the next generation of minority entrepreneurs in the greater Charlotte, NC area\");",
              "err": {},
              "uuid": "3a7a5d9b-cfe8-4d23-ba3c-aaabbced5b9d",
              "parentUUID": "c7dc784d-409b-4b12-9ace-3e4e3e86df52",
              "isHook": false,
              "skipped": true
            },
            {
              "title": "Check if the accordion  is visible, clickable and if its content is available",
              "fullTitle": "template spec Check if the accordion  is visible, clickable and if its content is available",
              "timedOut": null,
              "duration": 0,
              "state": "skipped",
              "speed": null,
              "pass": false,
              "fail": false,
              "pending": false,
              "context": null,
              "code": "cy.get('#homeBoxTop').find(\"h3\").should(\"have.length\", 3).click({\n  multiple: true\n}).get('.accordion-content > .accordion-content-inner > .box-wrap > div').should('have.class', 'box-body', 'not.be.empty').should(\"have.length\", 6);",
              "err": {},
              "uuid": "df69a648-ade0-4a98-861d-32df55e94435",
              "parentUUID": "c7dc784d-409b-4b12-9ace-3e4e3e86df52",
              "isHook": false,
              "skipped": true
            }
          ],
          "suites": [],
          "passes": [],
          "failures": [
            "6ea372ad-2f8a-4f28-99e7-fe10234c6f5a"
          ],
          "pending": [],
          "skipped": [
            "3a7a5d9b-cfe8-4d23-ba3c-aaabbced5b9d",
            "df69a648-ade0-4a98-861d-32df55e94435"
          ],
          "duration": 236,
          "root": false,
          "rootEmpty": false,
          "_timeout": 2000
        }
      ],
      "passes": [],
      "failures": [],
      "pending": [],
      "skipped": [],
      "duration": 0,
      "root": true,
      "rootEmpty": true,
      "_timeout": 2000
    }
  ],
  "meta": {
    "mocha": {
      "version": "7.0.1"
    },
    "mochawesome": {
      "options": {
        "quiet": false,
        "reportFilename": "mochawesome",
        "saveHtml": false,
        "saveJson": true,
        "consoleReporter": "spec",
        "useInlineDiffs": false,
        "code": true
      },
      "version": "7.1.3"
    },
    "marge": {
      "options": {
        "id": "default",
        "reportDir": "cypress/reports/mocha",
        "quite": true,
        "overwrite": false,
        "html": false,
        "json": true
      },
      "version": "6.2.0"
    }
  }
}