{
  "stats": {
    "suites": 1,
    "tests": 1,
    "passes": 0,
    "pending": 0,
    "failures": 1,
    "start": "2023-08-09T08:17:20.896Z",
    "end": "2023-08-09T08:17:21.345Z",
    "duration": 449,
    "testsRegistered": 4,
    "passPercent": 0,
    "pendingPercent": 0,
    "other": 0,
    "hasOther": false,
    "skipped": 3,
    "hasSkipped": true
  },
  "results": [
    {
      "uuid": "f6e38d43-0bfb-4c8c-b0e0-a39dabfa75df",
      "title": "",
      "fullFile": "cypress\\e2e\\investments.cy.js",
      "file": "cypress\\e2e\\investments.cy.js",
      "beforeHooks": [],
      "afterHooks": [],
      "tests": [],
      "suites": [
        {
          "uuid": "d3bae62a-4c26-4a66-8427-e7499d3f354a",
          "title": "investments spec",
          "fullFile": "",
          "file": "",
          "beforeHooks": [],
          "afterHooks": [],
          "tests": [
            {
              "title": "Check if the Investments heading is visible.",
              "fullTitle": "investments spec Check if the Investments heading is visible.",
              "timedOut": null,
              "duration": 327,
              "state": "failed",
              "speed": null,
              "pass": false,
              "fail": true,
              "pending": false,
              "context": null,
              "code": "cy.get('h1').should('be.visible').contains(\"Investments\");",
              "err": {
                "message": "ReferenceError: cypress is not defined\n\nBecause this error occurred during a `before each` hook we are skipping the remaining tests in the current suite: `investments spec`",
                "estack": "ReferenceError: cypress is not defined\n\nBecause this error occurred during a `before each` hook we are skipping the remaining tests in the current suite: `investments spec`\n    at Context.eval (webpack:///./cypress/e2e/investments.cy.js:18:13)",
                "diff": null
              },
              "uuid": "207bbeee-f65a-4b75-9883-3dd16240906f",
              "parentUUID": "d3bae62a-4c26-4a66-8427-e7499d3f354a",
              "isHook": false,
              "skipped": false
            },
            {
              "title": "Check if the Investments intro text is visible.",
              "fullTitle": "investments spec Check if the Investments intro text is visible.",
              "timedOut": null,
              "duration": 0,
              "state": "skipped",
              "speed": null,
              "pass": false,
              "fail": false,
              "pending": false,
              "context": null,
              "code": "cy.get(\"h4 > span\").should(\"be.visible\").contains(\"We’ve successfully invested in the next generation of Charlotte entrepreneurs.\");",
              "err": {},
              "uuid": "f765b46e-8276-4a90-966c-11d3a350aea4",
              "parentUUID": "d3bae62a-4c26-4a66-8427-e7499d3f354a",
              "isHook": false,
              "skipped": true
            },
            {
              "title": "Check if the four Investment images are visible",
              "fullTitle": "investments spec Check if the four Investment images are visible",
              "timedOut": null,
              "duration": 0,
              "state": "skipped",
              "speed": null,
              "pass": false,
              "fail": false,
              "pending": false,
              "context": null,
              "code": "cy.wrap(images).each(image => {\n  cy.get(`img[src=\"${image}\"]`);\n  cy.should(\"be.visible\");\n});\ncy.go(\"back\");",
              "err": {},
              "uuid": "cc01bdcc-32eb-4d08-945a-fafe74d05c5b",
              "parentUUID": "d3bae62a-4c26-4a66-8427-e7499d3f354a",
              "isHook": false,
              "skipped": true
            },
            {
              "title": "Check if the four Investment content are visible",
              "fullTitle": "investments spec Check if the four Investment content are visible",
              "timedOut": null,
              "duration": 0,
              "state": "skipped",
              "speed": null,
              "pass": false,
              "fail": false,
              "pending": false,
              "context": null,
              "code": "cy.wrap(investments).each(paragraph => {\n  cy.get(\"p\").should(\"be.visible\").contains(paragraph);\n});\ncy.go(\"back\");",
              "err": {},
              "uuid": "1095382a-8768-43b9-9835-6d06b5b7145e",
              "parentUUID": "d3bae62a-4c26-4a66-8427-e7499d3f354a",
              "isHook": false,
              "skipped": true
            }
          ],
          "suites": [],
          "passes": [],
          "failures": [
            "207bbeee-f65a-4b75-9883-3dd16240906f"
          ],
          "pending": [],
          "skipped": [
            "f765b46e-8276-4a90-966c-11d3a350aea4",
            "cc01bdcc-32eb-4d08-945a-fafe74d05c5b",
            "1095382a-8768-43b9-9835-6d06b5b7145e"
          ],
          "duration": 327,
          "root": false,
          "rootEmpty": false,
          "_timeout": 2000
        }
      ],
      "passes": [],
      "failures": [],
      "pending": [],
      "skipped": [],
      "duration": 0,
      "root": true,
      "rootEmpty": true,
      "_timeout": 2000
    }
  ],
  "meta": {
    "mocha": {
      "version": "7.0.1"
    },
    "mochawesome": {
      "options": {
        "quiet": false,
        "reportFilename": "mochawesome",
        "saveHtml": false,
        "saveJson": true,
        "consoleReporter": "spec",
        "useInlineDiffs": false,
        "code": true
      },
      "version": "7.1.3"
    },
    "marge": {
      "options": {
        "id": "default",
        "reportDir": "cypress/reports/mocha",
        "quite": true,
        "overwrite": false,
        "html": false,
        "json": true
      },
      "version": "6.2.0"
    }
  }
}