{
  "stats": {
    "suites": 1,
    "tests": 1,
    "passes": 0,
    "pending": 0,
    "failures": 1,
    "start": "2023-08-09T08:16:21.549Z",
    "end": "2023-08-09T08:16:21.912Z",
    "duration": 363,
    "testsRegistered": 1,
    "passPercent": 0,
    "pendingPercent": 0,
    "other": 0,
    "hasOther": false,
    "skipped": 0,
    "hasSkipped": false
  },
  "results": [
    {
      "uuid": "1df000bd-99c6-4de6-9a2e-0ce2960256db",
      "title": "",
      "fullFile": "cypress\\e2e\\team.cy.js",
      "file": "cypress\\e2e\\team.cy.js",
      "beforeHooks": [],
      "afterHooks": [],
      "tests": [],
      "suites": [
        {
          "uuid": "1176f48d-eb2c-4b94-a4c9-718b7ee796e7",
          "title": "template spec",
          "fullFile": "",
          "file": "",
          "beforeHooks": [],
          "afterHooks": [],
          "tests": [
            {
              "title": "load founders images on the teams page",
              "fullTitle": "template spec load founders images on the teams page",
              "timedOut": null,
              "duration": 263,
              "state": "failed",
              "speed": null,
              "pass": false,
              "fail": true,
              "pending": false,
              "context": null,
              "code": "cy.wrap(images).each(image => {\n  cy.get(`img[src=\"${image}\"]`, {\n    timeout: 10000\n  });\n  cy.should(\"be.visible\");\n});\ncy.go(\"back\");",
              "err": {
                "message": "ReferenceError: cypress is not defined\n\nBecause this error occurred during a `before each` hook we are skipping the remaining tests in the current suite: `template spec`",
                "estack": "ReferenceError: cypress is not defined\n\nBecause this error occurred during a `before each` hook we are skipping the remaining tests in the current suite: `template spec`\n    at Context.eval (webpack:///./cypress/e2e/team.cy.js:15:13)",
                "diff": null
              },
              "uuid": "f5f9c8fb-0a14-4c6c-8e5a-8547eca15c71",
              "parentUUID": "1176f48d-eb2c-4b94-a4c9-718b7ee796e7",
              "isHook": false,
              "skipped": false
            }
          ],
          "suites": [],
          "passes": [],
          "failures": [
            "f5f9c8fb-0a14-4c6c-8e5a-8547eca15c71"
          ],
          "pending": [],
          "skipped": [],
          "duration": 263,
          "root": false,
          "rootEmpty": false,
          "_timeout": 2000
        }
      ],
      "passes": [],
      "failures": [],
      "pending": [],
      "skipped": [],
      "duration": 0,
      "root": true,
      "rootEmpty": true,
      "_timeout": 2000
    }
  ],
  "meta": {
    "mocha": {
      "version": "7.0.1"
    },
    "mochawesome": {
      "options": {
        "quiet": false,
        "reportFilename": "mochawesome",
        "saveHtml": false,
        "saveJson": true,
        "consoleReporter": "spec",
        "useInlineDiffs": false,
        "code": true
      },
      "version": "7.1.3"
    },
    "marge": {
      "options": {
        "id": "default",
        "reportDir": "cypress/reports/mocha",
        "quite": true,
        "overwrite": false,
        "html": false,
        "json": true
      },
      "version": "6.2.0"
    }
  }
}